<?xml version="1.0" encoding="UTF-8" ?>
<testsuite errors="2" failures="3" hostname="HASEE-PC" name="suites.TestSuite" skipped="0" tests="5" time="74.518" timestamp="2019-08-04T04:04:24">
  <properties>
[...]
</properties>
  <testcase classname="suites.LoginTest" name="loginTestWithInVaildCredential[0]" time="0.068">
    <error message="wrong number of arguments" type="java.lang.IllegalArgumentException">java.lang.IllegalArgumentException: wrong number of arguments
	at java.lang.reflect.Constructor.newInstance(Constructor.java:423)
</error>
  </testcase>
  <testcase classname="suites.LoginTest" name="loginTestWithInVaildCredential[1]" time="0.001">
    <error message="wrong number of arguments" type="java.lang.IllegalArgumentException">java.lang.IllegalArgumentException: wrong number of arguments
	at java.lang.reflect.Constructor.newInstance(Constructor.java:423)
</error>
  </testcase>
  <testcase classname="suites.LoginTestCase" name="loginTest[0]" time="53.362">
    <failure type="junit.framework.AssertionFailedError">junit.framework.AssertionFailedError
	at suites.LoginTestCase.loginTest(LoginTestCase.java:49)
</failure>
  </testcase>
  <testcase classname="suites.LoginTestCase" name="loginTest[1]" time="20.731">
    <failure type="junit.framework.AssertionFailedError">junit.framework.AssertionFailedError
	at suites.LoginTestCase.loginTest(LoginTestCase.java:53)
</failure>
  </testcase>
  <testcase classname="suites.RegistrationTestCase" name="loginTestWithVaildCredential" time="0.001">
    <failure type="junit.framework.AssertionFailedError">junit.framework.AssertionFailedError
	at suites.RegistrationTestCase.doInit(RegistrationTestCase.java:20)
</failure>
  </testcase>
  <system-out><![CDATA[]]></system-out>
  <system-err><![CDATA[Starting ChromeDriver 74.0.3729.6 (255758eccf3d244491b8a1317aa76e1ce10d57e9-refs/branch-heads/3729@{#29}) on port 23618
Only local connections are allowed.
Please protect ports used by ChromeDriver and related test frameworks to prevent access by malicious code.
[1564891494.210][WARNING]: This version of ChromeDriver has not been tested with Chrome version 75.
[1564891494.893][WARNING]: This version of ChromeDriver has not been tested with Chrome version 75.
[1564891497.144][WARNING]: Timed out connecting to Chrome, retrying...
Aug 04, 2019 9:35:05 AM org.openqa.selenium.remote.ProtocolHandshake createSession
INFO: Detected dialect: OSS
Not Landed succesffuly on the Home page with valid credential
Starting ChromeDriver 74.0.3729.6 (255758eccf3d244491b8a1317aa76e1ce10d57e9-refs/branch-heads/3729@{#29}) on port 21989
Only local connections are allowed.
Please protect ports used by ChromeDriver and related test frameworks to prevent access by malicious code.
[1564891527.383][WARNING]: This version of ChromeDriver has not been tested with Chrome version 75.
Aug 04, 2019 9:35:29 AM org.openqa.selenium.remote.ProtocolHandshake createSession
INFO: Detected dialect: OSS
Landed on the Home page with invalid credential
]]></system-err>
</testsuite>
